0 verbose cli /usr/bin/node /usr/bin/npm
1 info using npm@10.9.7
2 info using node@v22.22.2
3 silly config load:file:/usr/lib/node_modules/npm/npmrc
4 silly config load:file:/home/hb_1961/latamscore/frontend/.npmrc
5 silly config load:file:/home/hb_1961/.npmrc
6 silly config load:file:/usr/etc/npmrc
7 verbose title npm install ethers
8 verbose argv "install" "ethers"
9 verbose logfile logs-max:10 dir:/home/hb_1961/.npm/_logs/2026-05-16T17_08_08_897Z-
10 verbose logfile /home/hb_1961/.npm/_logs/2026-05-16T17_08_08_897Z-debug-0.log
11 silly logfile start cleaning logs, removing 1 files
12 silly packumentCache heap:2197815296 maxSize:549453824 maxEntrySize:274726912
13 silly logfile done cleaning log files
14 silly idealTree buildDeps
15 silly fetch manifest ethers@*
16 silly packumentCache full:https://registry.npmjs.org/ethers cache-miss
17 http fetch GET 200 https://registry.npmjs.org/ethers 418ms (cache revalidated)
18 silly packumentCache full:https://registry.npmjs.org/ethers set size:1373706 disposed:false
19 silly placeDep ROOT ethers@6.16.0 OK for: frontend@0.1.0 want: *
20 silly fetch manifest ws@8.17.1
21 silly packumentCache full:https://registry.npmjs.org/ws cache-miss
22 silly fetch manifest tslib@2.7.0
23 silly packumentCache full:https://registry.npmjs.org/tslib cache-miss
24 silly fetch manifest aes-js@4.0.0-beta.5
25 silly packumentCache full:https://registry.npmjs.org/aes-js cache-miss
26 silly fetch manifest @types/node@22.7.5
27 silly packumentCache full:https://registry.npmjs.org/@types%2fnode cache-miss
28 silly fetch manifest @noble/curves@1.2.0
29 silly packumentCache full:https://registry.npmjs.org/@noble%2fcurves cache-miss
30 silly fetch manifest @noble/hashes@1.3.2
31 silly packumentCache full:https://registry.npmjs.org/@noble%2fhashes cache-miss
32 silly fetch manifest @adraffy/ens-normalize@1.10.1
33 silly packumentCache full:https://registry.npmjs.org/@adraffy%2fens-normalize cache-miss
34 http cache https://registry.npmjs.org/tslib 31ms (cache hit)
35 silly packumentCache full:https://registry.npmjs.org/tslib set size:108760 disposed:false
36 http fetch GET 200 https://registry.npmjs.org/ws 158ms (cache revalidated)
37 silly packumentCache full:https://registry.npmjs.org/ws set size:418167 disposed:false
38 http fetch GET 200 https://registry.npmjs.org/aes-js 202ms (cache revalidated)
39 silly packumentCache full:https://registry.npmjs.org/aes-js set size:116677 disposed:false
40 http fetch GET 200 https://registry.npmjs.org/@types%2fnode 365ms (cache revalidated)
41 silly packumentCache full:https://registry.npmjs.org/@types%2fnode set size:11008407 disposed:false
42 http fetch GET 200 https://registry.npmjs.org/@noble%2fcurves 472ms (cache revalidated)
43 silly packumentCache full:https://registry.npmjs.org/@noble%2fcurves set size:314007 disposed:false
44 http fetch GET 200 https://registry.npmjs.org/@noble%2fhashes 475ms (cache revalidated)
45 silly packumentCache full:https://registry.npmjs.org/@noble%2fhashes set size:217737 disposed:false
46 http fetch GET 200 https://registry.npmjs.org/@adraffy%2fens-normalize 478ms (cache revalidated)
47 silly packumentCache full:https://registry.npmjs.org/@adraffy%2fens-normalize set size:148524 disposed:false
48 silly fetch manifest bufferutil@^4.0.1
49 silly packumentCache full:https://registry.npmjs.org/bufferutil cache-miss
50 http fetch GET 200 https://registry.npmjs.org/bufferutil 147ms (cache revalidated)
51 silly packumentCache full:https://registry.npmjs.org/bufferutil set size:52763 disposed:false
52 silly fetch manifest utf-8-validate@>=5.0.2
53 silly packumentCache full:https://registry.npmjs.org/utf-8-validate cache-miss
54 http fetch GET 200 https://registry.npmjs.org/utf-8-validate 153ms (cache revalidated)
55 silly packumentCache full:https://registry.npmjs.org/utf-8-validate set size:77148 disposed:false
56 silly placeDep ROOT @adraffy/ens-normalize@1.10.1 OK for: ethers@6.16.0 want: 1.10.1
57 silly placeDep ROOT @noble/curves@1.2.0 OK for: ethers@6.16.0 want: 1.2.0
58 silly placeDep ROOT @noble/hashes@1.3.2 OK for: ethers@6.16.0 want: 1.3.2
59 silly placeDep ROOT @types/node@22.7.5 OK for: ethers@6.16.0 want: 22.7.5
60 silly placeDep ROOT aes-js@4.0.0-beta.5 OK for: ethers@6.16.0 want: 4.0.0-beta.5
61 silly placeDep node_modules/ethers tslib@2.7.0 OK for: ethers@6.16.0 want: 2.7.0
62 silly placeDep ROOT ws@8.17.1 OK for: ethers@6.16.0 want: 8.17.1
63 silly fetch manifest undici-types@~6.19.2
64 silly packumentCache full:https://registry.npmjs.org/undici-types cache-miss
65 http fetch GET 200 https://registry.npmjs.org/undici-types 146ms (cache revalidated)
66 silly packumentCache full:https://registry.npmjs.org/undici-types set size:214705 disposed:false
67 silly placeDep ROOT undici-types@6.19.8 OK for: @types/node@22.7.5 want: ~6.19.2
68 silly reify moves {}
69 verbose reify failed optional dependency /home/hb_1961/latamscore/frontend/node_modules/@tailwindcss/oxide-wasm32-wasi
70 silly reify mark deleted [
70 silly reify   '/home/hb_1961/latamscore/frontend/node_modules/@tailwindcss/oxide-wasm32-wasi'
70 silly reify ]
71 silly audit bulk request {
71 silly audit   '@alloc/quick-lru': [ '5.2.0' ],
71 silly audit   '@babel/code-frame': [ '7.29.0' ],
71 silly audit   '@babel/compat-data': [ '7.29.3' ],
71 silly audit   '@babel/core': [ '7.29.0' ],
71 silly audit   '@babel/generator': [ '7.29.1' ],
71 silly audit   '@babel/helper-compilation-targets': [ '7.28.6' ],
71 silly audit   '@babel/helper-globals': [ '7.28.0' ],
71 silly audit   '@babel/helper-module-imports': [ '7.28.6' ],
71 silly audit   '@babel/helper-module-transforms': [ '7.28.6' ],
71 silly audit   '@babel/helper-string-parser': [ '7.27.1' ],
71 silly audit   '@babel/helper-validator-identifier': [ '7.28.5' ],
71 silly audit   '@babel/helper-validator-option': [ '7.27.1' ],
71 silly audit   '@babel/helpers': [ '7.29.2' ],
71 silly audit   '@babel/parser': [ '7.29.3' ],
71 silly audit   '@babel/template': [ '7.28.6' ],
71 silly audit   '@babel/traverse': [ '7.29.0' ],
71 silly audit   '@babel/types': [ '7.29.0' ],
71 silly audit   '@emnapi/core': [ '1.10.0' ],
71 silly audit   '@emnapi/runtime': [ '1.10.0' ],
71 silly audit   '@emnapi/wasi-threads': [ '1.2.1' ],
71 silly audit   '@eslint-community/eslint-utils': [ '4.9.1' ],
71 silly audit   'eslint-visitor-keys': [ '3.4.3', '5.0.1', '4.2.1' ],
71 silly audit   '@eslint-community/regexpp': [ '4.12.2' ],
71 silly audit   '@eslint/config-array': [ '0.21.2' ],
71 silly audit   '@eslint/config-helpers': [ '0.4.2' ],
71 silly audit   '@eslint/core': [ '0.17.0' ],
71 silly audit   '@eslint/eslintrc': [ '3.3.5' ],
71 silly audit   '@eslint/js': [ '9.39.4' ],
71 silly audit   '@eslint/object-schema': [ '2.1.7' ],
71 silly audit   '@eslint/plugin-kit': [ '0.4.1' ],
71 silly audit   '@humanfs/core': [ '0.19.2' ],
71 silly audit   '@humanfs/node': [ '0.16.8' ],
71 silly audit   '@humanfs/types': [ '0.15.0' ],
71 silly audit   '@humanwhocodes/module-importer': [ '1.0.1' ],
71 silly audit   '@humanwhocodes/retry': [ '0.4.3' ],
71 silly audit   '@img/colour': [ '1.1.0' ],
71 silly audit   '@img/sharp-darwin-arm64': [ '0.34.5' ],
71 silly audit   '@img/sharp-darwin-x64': [ '0.34.5' ],
71 silly audit   '@img/sharp-libvips-darwin-arm64': [ '1.2.4' ],
71 silly audit   '@img/sharp-libvips-darwin-x64': [ '1.2.4' ],
71 silly audit   '@img/sharp-libvips-linux-arm': [ '1.2.4' ],
71 silly audit   '@img/sharp-libvips-linux-arm64': [ '1.2.4' ],
71 silly audit   '@img/sharp-libvips-linux-ppc64': [ '1.2.4' ],
71 silly audit   '@img/sharp-libvips-linux-riscv64': [ '1.2.4' ],
71 silly audit   '@img/sharp-libvips-linux-s390x': [ '1.2.4' ],
71 silly audit   '@img/sharp-libvips-linux-x64': [ '1.2.4' ],
71 silly audit   '@img/sharp-libvips-linuxmusl-arm64': [ '1.2.4' ],
71 silly audit   '@img/sharp-libvips-linuxmusl-x64': [ '1.2.4' ],
71 silly audit   '@img/sharp-linux-arm': [ '0.34.5' ],
71 silly audit   '@img/sharp-linux-arm64': [ '0.34.5' ],
71 silly audit   '@img/sharp-linux-ppc64': [ '0.34.5' ],
71 silly audit   '@img/sharp-linux-riscv64': [ '0.34.5' ],
71 silly audit   '@img/sharp-linux-s390x': [ '0.34.5' ],
71 silly audit   '@img/sharp-linux-x64': [ '0.34.5' ],
71 silly audit   '@img/sharp-linuxmusl-arm64': [ '0.34.5' ],
71 silly audit   '@img/sharp-linuxmusl-x64': [ '0.34.5' ],
71 silly audit   '@img/sharp-wasm32': [ '0.34.5' ],
71 silly audit   '@img/sharp-win32-arm64': [ '0.34.5' ],
71 silly audit   '@img/sharp-win32-ia32': [ '0.34.5' ],
71 silly audit   '@img/sharp-win32-x64': [ '0.34.5' ],
71 silly audit   '@jridgewell/gen-mapping': [ '0.3.13' ],
71 silly audit   '@jridgewell/remapping': [ '2.3.5' ],
71 silly audit   '@jridgewell/resolve-uri': [ '3.1.2' ],
71 silly audit   '@jridgewell/sourcemap-codec': [ '1.5.5' ],
71 silly audit   '@jridgewell/trace-mapping': [ '0.3.31' ],
71 silly audit   '@napi-rs/wasm-runtime': [ '0.2.12' ],
71 silly audit   '@next/env': [ '16.2.6' ],
71 silly audit   '@next/eslint-plugin-next': [ '16.2.6' ],
71 silly audit   '@next/swc-darwin-arm64': [ '16.2.6' ],
71 silly audit   '@next/swc-darwin-x64': [ '16.2.6' ],
71 silly audit   '@next/swc-linux-arm64-gnu': [ '16.2.6' ],
71 silly audit   '@next/swc-linux-arm64-musl': [ '16.2.6' ],
71 silly audit   '@next/swc-linux-x64-gnu': [ '16.2.6' ],
71 silly audit   '@next/swc-linux-x64-musl': [ '16.2.6' ],
71 silly audit   '@next/swc-win32-arm64-msvc': [ '16.2.6' ],
71 silly audit   '@next/swc-win32-x64-msvc': [ '16.2.6' ],
71 silly audit   '@nodelib/fs.scandir': [ '2.1.5' ],
71 silly audit   '@nodelib/fs.stat': [ '2.0.5' ],
71 silly audit   '@nodelib/fs.walk': [ '1.2.8' ],
71 silly audit   '@nolyfill/is-core-module': [ '1.0.39' ],
71 silly audit   '@rtsao/scc': [ '1.1.0' ],
71 silly audit   '@swc/helpers': [ '0.5.15' ],
71 silly audit   '@tailwindcss/node': [ '4.3.0' ],
71 silly audit   '@tailwindcss/oxide': [ '4.3.0' ],
71 silly audit   '@tailwindcss/oxide-android-arm64': [ '4.3.0' ],
71 silly audit   '@tailwindcss/oxide-darwin-arm64': [ '4.3.0' ],
71 silly audit   '@tailwindcss/oxide-darwin-x64': [ '4.3.0' ],
71 silly audit   '@tailwindcss/oxide-freebsd-x64': [ '4.3.0' ],
71 silly audit   '@tailwindcss/oxide-linux-arm-gnueabihf': [ '4.3.0' ],
71 silly audit   '@tailwindcss/oxide-linux-arm64-gnu': [ '4.3.0' ],
71 silly audit   '@tailwindcss/oxide-linux-arm64-musl': [ '4.3.0' ],
71 silly audit   '@tailwindcss/oxide-linux-x64-gnu': [ '4.3.0' ],
71 silly audit   '@tailwindcss/oxide-linux-x64-musl': [ '4.3.0' ],
71 silly audit   '@tailwindcss/oxide-win32-arm64-msvc': [ '4.3.0' ],
71 silly audit   '@tailwindcss/oxide-win32-x64-msvc': [ '4.3.0' ],
71 silly audit   '@tailwindcss/postcss': [ '4.3.0' ],
71 silly audit   '@tybys/wasm-util': [ '0.10.2' ],
71 silly audit   '@types/estree': [ '1.0.9' ],
71 silly audit   '@types/json-schema': [ '7.0.15' ],
71 silly audit   '@types/json5': [ '0.0.29' ],
71 silly audit   '@typescript-eslint/eslint-plugin': [ '8.59.3' ],
71 silly audit   ignore: [ '7.0.5', '5.3.2' ],
71 silly audit   '@typescript-eslint/parser': [ '8.59.3' ],
71 silly audit   '@typescript-eslint/project-service': [ '8.59.3' ],
71 silly audit   '@typescript-eslint/scope-manager': [ '8.59.3' ],
71 silly audit   '@typescript-eslint/tsconfig-utils': [ '8.59.3' ],
71 silly audit   '@typescript-eslint/type-utils': [ '8.59.3' ],
71 silly audit   '@typescript-eslint/types': [ '8.59.3' ],
71 silly audit   '@typescript-eslint/typescript-estree': [ '8.59.3' ],
71 silly audit   'balanced-match': [ '4.0.4', '1.0.2' ],
71 silly audit   'brace-expansion': [ '5.0.6', '1.1.14' ],
71 silly audit   minimatch: [ '10.2.5', '3.1.5' ],
71 silly audit   semver: [ '7.8.0', '6.3.1' ],
71 silly audit   '@typescript-eslint/utils': [ '8.59.3' ],
71 silly audit   '@typescript-eslint/visitor-keys': [ '8.59.3' ],
71 silly audit   '@unrs/resolver-binding-android-arm-eabi': [ '1.11.1' ],
71 silly audit   '@unrs/resolver-binding-android-arm64': [ '1.11.1' ],
71 silly audit   '@unrs/resolver-binding-darwin-arm64': [ '1.11.1' ],
71 silly audit   '@unrs/resolver-binding-darwin-x64': [ '1.11.1' ],
71 silly audit   '@unrs/resolver-binding-freebsd-x64': [ '1.11.1' ],
71 silly audit   '@unrs/resolver-binding-linux-arm-gnueabihf': [ '1.11.1' ],
71 silly audit   '@unrs/resolver-binding-linux-arm-musleabihf': [ '1.11.1' ],
71 silly audit   '@unrs/resolver-binding-linux-arm64-gnu': [ '1.11.1' ],
71 silly audit   '@unrs/resolver-binding-linux-arm64-musl': [ '1.11.1' ],
71 silly audit   '@unrs/resolver-binding-linux-ppc64-gnu': [ '1.11.1' ],
71 silly audit   '@unrs/resolver-binding-linux-riscv64-gnu': [ '1.11.1' ],
71 silly audit   '@unrs/resolver-binding-linux-riscv64-musl': [ '1.11.1' ],
71 silly audit   '@unrs/resolver-binding-linux-s390x-gnu': [ '1.11.1' ],
71 silly audit   '@unrs/resolver-binding-linux-x64-gnu': [ '1.11.1' ],
71 silly audit   '@unrs/resolver-binding-linux-x64-musl': [ '1.11.1' ],
71 silly audit   '@unrs/resolver-binding-wasm32-wasi': [ '1.11.1' ],
71 silly audit   '@unrs/resolver-binding-win32-arm64-msvc': [ '1.11.1' ],
71 silly audit   '@unrs/resolver-binding-win32-ia32-msvc': [ '1.11.1' ],
71 silly audit   '@unrs/resolver-binding-win32-x64-msvc': [ '1.11.1' ],
71 silly audit   acorn: [ '8.16.0' ],
71 silly audit   'acorn-jsx': [ '5.3.2' ],
71 silly audit   ajv: [ '6.15.0' ],
71 silly audit   'ansi-styles': [ '4.3.0' ],
71 silly audit   argparse: [ '2.0.1' ],
71 silly audit   'aria-query': [ '5.3.2' ],
71 silly audit   'array-buffer-byte-length': [ '1.0.2' ],
71 silly audit   'array-includes': [ '3.1.9' ],
71 silly audit   'array.prototype.findlast': [ '1.2.5' ],
71 silly audit   'array.prototype.findlastindex': [ '1.2.6' ],
71 silly audit   'array.prototype.flat': [ '1.3.3' ],
71 silly audit   'array.prototype.flatmap': [ '1.3.3' ],
71 silly audit   'array.prototype.tosorted': [ '1.1.4' ],
71 silly audit   'arraybuffer.prototype.slice': [ '1.0.4' ],
71 silly audit   'ast-types-flow': [ '0.0.8' ],
71 silly audit   'async-function': [ '1.0.0' ],
71 silly audit   'available-typed-arrays': [ '1.0.7' ],
71 silly audit   'axe-core': [ '4.11.4' ],
71 silly audit   'axobject-query': [ '4.1.0' ],
71 silly audit   'baseline-browser-mapping': [ '2.10.30' ],
71 silly audit   braces: [ '3.0.3' ],
71 silly audit   browserslist: [ '4.28.2' ],
71 silly audit   'call-bind': [ '1.0.9' ],
71 silly audit   'call-bind-apply-helpers': [ '1.0.2' ],
71 silly audit   'call-bound': [ '1.0.4' ],
71 silly audit   callsites: [ '3.1.0' ],
71 silly audit   'caniuse-lite': [ '1.0.30001792' ],
71 silly audit   chalk: [ '4.1.2' ],
71 silly audit   'client-only': [ '0.0.1' ],
71 silly audit   'color-convert': [ '2.0.1' ],
71 silly audit   'color-name': [ '1.1.4' ],
71 silly audit   'concat-map': [ '0.0.1' ],
71 silly audit   'convert-source-map': [ '2.0.0' ],
71 silly audit   'cross-spawn': [ '7.0.6' ],
71 silly audit   'damerau-levenshtein': [ '1.0.8' ],
71 silly audit   'data-view-buffer': [ '1.0.2' ],
71 silly audit   'data-view-byte-length': [ '1.0.2' ],
71 silly audit   'data-view-byte-offset': [ '1.0.1' ],
71 silly audit   debug: [ '4.4.3', '3.2.7' ],
71 silly audit   'deep-is': [ '0.1.4' ],
71 silly audit   'define-data-property': [ '1.1.4' ],
71 silly audit   'define-properties': [ '1.2.1' ],
71 silly audit   'detect-libc': [ '2.1.2' ],
71 silly audit   doctrine: [ '2.1.0' ],
71 silly audit   'dunder-proto': [ '1.0.1' ],
71 silly audit   'electron-to-chromium': [ '1.5.357' ],
71 silly audit   'emoji-regex': [ '9.2.2' ],
71 silly audit   'enhanced-resolve': [ '5.21.3' ],
71 silly audit   'es-abstract': [ '1.24.2' ],
71 silly audit   'es-define-property': [ '1.0.1' ],
71 silly audit   'es-errors': [ '1.3.0' ],
71 silly audit   'es-iterator-helpers': [ '1.3.2' ],
71 silly audit   'es-object-atoms': [ '1.1.1' ],
71 silly audit   'es-set-tostringtag': [ '2.1.0' ],
71 silly audit   'es-shim-unscopables': [ '1.1.0' ],
71 silly audit   'es-to-primitive': [ '1.3.0' ],
71 silly audit   escalade: [ '3.2.0' ],
71 silly audit   'escape-string-regexp': [ '4.0.0' ],
71 silly audit   eslint: [ '9.39.4' ],
71 silly audit   'eslint-config-next': [ '16.2.6' ],
71 silly audit   globals: [ '16.4.0', '14.0.0' ],
71 silly audit   'eslint-import-resolver-node': [ '0.3.10' ],
71 silly audit   'eslint-import-resolver-typescript': [ '3.10.1' ],
71 silly audit   'eslint-module-utils': [ '2.12.1' ],
71 silly audit   'eslint-plugin-import': [ '2.32.0' ],
71 silly audit   'eslint-plugin-jsx-a11y': [ '6.10.2' ],
71 silly audit   'eslint-plugin-react': [ '7.37.5' ],
71 silly audit   'eslint-plugin-react-hooks': [ '7.1.1' ],
71 silly audit   'eslint-scope': [ '8.4.0' ],
71 silly audit   espree: [ '10.4.0' ],
71 silly audit   esquery: [ '1.7.0' ],
71 silly audit   esrecurse: [ '4.3.0' ],
71 silly audit   estraverse: [ '5.3.0' ],
71 silly audit   esutils: [ '2.0.3' ],
71 silly audit   'fast-deep-equal': [ '3.1.3' ],
71 silly audit   'fast-glob': [ '3.3.1' ],
71 silly audit   'glob-parent': [ '5.1.2', '6.0.2' ],
71 silly audit   'fast-json-stable-stringify': [ '2.1.0' ],
71 silly audit   'fast-levenshtein': [ '2.0.6' ],
71 silly audit   fastq: [ '1.20.1' ],
71 silly audit   'file-entry-cache': [ '8.0.0' ],
71 silly audit   'fill-range': [ '7.1.1' ],
71 silly audit   'find-up': [ '5.0.0' ],
71 silly audit   'flat-cache': [ '4.0.1' ],
71 silly audit   flatted: [ '3.4.2' ],
71 silly audit   'for-each': [ '0.3.5' ],
71 silly audit   'function-bind': [ '1.1.2' ],
71 silly audit   'function.prototype.name': [ '1.1.8' ],
71 silly audit   'functions-have-names': [ '1.2.3' ],
71 silly audit   'generator-function': [ '2.0.1' ],
71 silly audit   gensync: [ '1.0.0-beta.2' ],
71 silly audit   'get-intrinsic': [ '1.3.0' ],
71 silly audit   'get-proto': [ '1.0.1' ],
71 silly audit   'get-symbol-description': [ '1.1.0' ],
71 silly audit   'get-tsconfig': [ '4.14.0' ],
71 silly audit   globalthis: [ '1.0.4' ],
71 silly audit   gopd: [ '1.2.0' ],
71 silly audit   'graceful-fs': [ '4.2.11' ],
71 silly audit   'has-bigints': [ '1.1.0' ],
71 silly audit   'has-flag': [ '4.0.0' ],
71 silly audit   'has-property-descriptors': [ '1.0.2' ],
71 silly audit   'has-proto': [ '1.2.0' ],
71 silly audit   'has-symbols': [ '1.1.0' ],
71 silly audit   'has-tostringtag': [ '1.0.2' ],
71 silly audit   hasown: [ '2.0.3' ],
71 silly audit   'hermes-estree': [ '0.25.1' ],
71 silly audit   'hermes-parser': [ '0.25.1' ],
71 silly audit   'import-fresh': [ '3.3.1' ],
71 silly audit   imurmurhash: [ '0.1.4' ],
71 silly audit   'internal-slot': [ '1.1.0' ],
71 silly audit   'is-array-buffer': [ '3.0.5' ],
71 silly audit   'is-async-function': [ '2.1.1' ],
71 silly audit   'is-bigint': [ '1.1.0' ],
71 silly audit   'is-boolean-object': [ '1.2.2' ],
71 silly audit   'is-bun-module': [ '2.0.0' ],
71 silly audit   'is-callable': [ '1.2.7' ],
71 silly audit   'is-core-module': [ '2.16.2' ],
71 silly audit   'is-data-view': [ '1.0.2' ],
71 silly audit   'is-date-object': [ '1.1.0' ],
71 silly audit   'is-extglob': [ '2.1.1' ],
71 silly audit   'is-finalizationregistry': [ '1.1.1' ],
71 silly audit   'is-generator-function': [ '1.1.2' ],
71 silly audit   'is-glob': [ '4.0.3' ],
71 silly audit   'is-map': [ '2.0.3' ],
71 silly audit   'is-negative-zero': [ '2.0.3' ],
71 silly audit   'is-number': [ '7.0.0' ],
71 silly audit   'is-number-object': [ '1.1.1' ],
71 silly audit   'is-regex': [ '1.2.1' ],
71 silly audit   'is-set': [ '2.0.3' ],
71 silly audit   'is-shared-array-buffer': [ '1.0.4' ],
71 silly audit   'is-string': [ '1.1.1' ],
71 silly audit   'is-symbol': [ '1.1.1' ],
71 silly audit   'is-typed-array': [ '1.1.15' ],
71 silly audit   'is-weakmap': [ '2.0.2' ],
71 silly audit   'is-weakref': [ '1.1.1' ],
71 silly audit   'is-weakset': [ '2.0.4' ],
71 silly audit   isarray: [ '2.0.5' ],
71 silly audit   isexe: [ '2.0.0' ],
71 silly audit   'iterator.prototype': [ '1.1.5' ],
71 silly audit   jiti: [ '2.7.0' ],
71 silly audit   'js-tokens': [ '4.0.0' ],
71 silly audit   'js-yaml': [ '4.1.1' ],
71 silly audit   jsesc: [ '3.1.0' ],
71 silly audit   'json-buffer': [ '3.0.1' ],
71 silly audit   'json-schema-traverse': [ '0.4.1' ],
71 silly audit   'json-stable-stringify-without-jsonify': [ '1.0.1' ],
71 silly audit   json5: [ '2.2.3', '1.0.2' ],
71 silly audit   'jsx-ast-utils': [ '3.3.5' ],
71 silly audit   keyv: [ '4.5.4' ],
71 silly audit   'language-subtag-registry': [ '0.3.23' ],
71 silly audit   'language-tags': [ '1.0.9' ],
71 silly audit   levn: [ '0.4.1' ],
71 silly audit   lightningcss: [ '1.32.0' ],
71 silly audit   'lightningcss-android-arm64': [ '1.32.0' ],
71 silly audit   'lightningcss-darwin-arm64': [ '1.32.0' ],
71 silly audit   'lightningcss-darwin-x64': [ '1.32.0' ],
71 silly audit   'lightningcss-freebsd-x64': [ '1.32.0' ],
71 silly audit   'lightningcss-linux-arm-gnueabihf': [ '1.32.0' ],
71 silly audit   'lightningcss-linux-arm64-gnu': [ '1.32.0' ],
71 silly audit   'lightningcss-linux-arm64-musl': [ '1.32.0' ],
71 silly audit   'lightningcss-linux-x64-gnu': [ '1.32.0' ],
71 silly audit   'lightningcss-linux-x64-musl': [ '1.32.0' ],
71 silly audit   'lightningcss-win32-arm64-msvc': [ '1.32.0' ],
71 silly audit   'lightningcss-win32-x64-msvc': [ '1.32.0' ],
71 silly audit   'locate-path': [ '6.0.0' ],
71 silly audit   'lodash.merge': [ '4.6.2' ],
71 silly audit   'loose-envify': [ '1.4.0' ],
71 silly audit   'lru-cache': [ '5.1.1' ],
71 silly audit   'magic-string': [ '0.30.21' ],
71 silly audit   'math-intrinsics': [ '1.1.0' ],
71 silly audit   merge2: [ '1.4.1' ],
71 silly audit   micromatch: [ '4.0.8' ],
71 silly audit   minimist: [ '1.2.8' ],
71 silly audit   ms: [ '2.1.3' ],
71 silly audit   nanoid: [ '3.3.12' ],
71 silly audit   'napi-postinstall': [ '0.3.4' ],
71 silly audit   'natural-compare': [ '1.4.0' ],
71 silly audit   next: [ '16.2.6' ],
71 silly audit   postcss: [ '8.4.31', '8.5.14' ],
71 silly audit   'node-exports-info': [ '1.6.0' ],
71 silly audit   'node-releases': [ '2.0.44' ],
71 silly audit   'object-assign': [ '4.1.1' ],
71 silly audit   'object-inspect': [ '1.13.4' ],
71 silly audit   'object-keys': [ '1.1.1' ],
71 silly audit   'object.assign': [ '4.1.7' ],
71 silly audit   'object.entries': [ '1.1.9' ],
71 silly audit   'object.fromentries': [ '2.0.8' ],
71 silly audit   'object.groupby': [ '1.0.3' ],
71 silly audit   'object.values': [ '1.2.1' ],
71 silly audit   optionator: [ '0.9.4' ],
71 silly audit   'own-keys': [ '1.0.1' ],
71 silly audit   'p-limit': [ '3.1.0' ],
71 silly audit   'p-locate': [ '5.0.0' ],
71 silly audit   'parent-module': [ '1.0.1' ],
71 silly audit   'path-exists': [ '4.0.0' ],
71 silly audit   'path-key': [ '3.1.1' ],
71 silly audit   'path-parse': [ '1.0.7' ],
71 silly audit   picocolors: [ '1.1.1' ],
71 silly audit   picomatch: [ '2.3.2', '4.0.4' ],
71 silly audit   'possible-typed-array-names': [ '1.1.0' ],
71 silly audit   'prelude-ls': [ '1.2.1' ],
71 silly audit   'prop-types': [ '15.8.1' ],
71 silly audit   punycode: [ '2.3.1' ],
71 silly audit   'queue-microtask': [ '1.2.3' ],
71 silly audit   react: [ '19.2.4' ],
71 silly audit   'react-dom': [ '19.2.4' ],
71 silly audit   'react-is': [ '16.13.1' ],
71 silly audit   'reflect.getprototypeof': [ '1.0.10' ],
71 silly audit   'regexp.prototype.flags': [ '1.5.4' ],
71 silly audit   resolve: [ '2.0.0-next.7' ],
71 silly audit   'resolve-from': [ '4.0.0' ],
71 silly audit   'resolve-pkg-maps': [ '1.0.0' ],
71 silly audit   reusify: [ '1.1.0' ],
71 silly audit   'run-parallel': [ '1.2.0' ],
71 silly audit   'safe-array-concat': [ '1.1.4' ],
71 silly audit   'safe-push-apply': [ '1.0.0' ],
71 silly audit   'safe-regex-test': [ '1.1.0' ],
71 silly audit   scheduler: [ '0.27.0' ],
71 silly audit   'set-function-length': [ '1.2.2' ],
71 silly audit   'set-function-name': [ '2.0.2' ],
71 silly audit   'set-proto': [ '1.0.0' ],
71 silly audit   sharp: [ '0.34.5' ],
71 silly audit   'shebang-command': [ '2.0.0' ],
71 silly audit   'shebang-regex': [ '3.0.0' ],
71 silly audit   'side-channel': [ '1.1.0' ],
71 silly audit   'side-channel-list': [ '1.0.1' ],
71 silly audit   'side-channel-map': [ '1.0.1' ],
71 silly audit   'side-channel-weakmap': [ '1.0.2' ],
71 silly audit   'source-map-js': [ '1.2.1' ],
71 silly audit   'stable-hash': [ '0.0.5' ],
71 silly audit   'stop-iteration-iterator': [ '1.1.0' ],
71 silly audit   'string.prototype.includes': [ '2.0.1' ],
71 silly audit   'string.prototype.matchall': [ '4.0.12' ],
71 silly audit   'string.prototype.repeat': [ '1.0.0' ],
71 silly audit   'string.prototype.trim': [ '1.2.10' ],
71 silly audit   'string.prototype.trimend': [ '1.0.9' ],
71 silly audit   'string.prototype.trimstart': [ '1.0.8' ],
71 silly audit   'strip-bom': [ '3.0.0' ],
71 silly audit   'strip-json-comments': [ '3.1.1' ],
71 silly audit   'styled-jsx': [ '5.1.6' ],
71 silly audit   'supports-color': [ '7.2.0' ],
71 silly audit   'supports-preserve-symlinks-flag': [ '1.0.0' ],
71 silly audit   tailwindcss: [ '4.3.0' ],
71 silly audit   tapable: [ '2.3.3' ],
71 silly audit   tinyglobby: [ '0.2.16' ],
71 silly audit   fdir: [ '6.5.0' ],
71 silly audit   'to-regex-range': [ '5.0.1' ],
71 silly audit   'ts-api-utils': [ '2.5.0' ],
71 silly audit   'tsconfig-paths': [ '3.15.0' ],
71 silly audit   tslib: [ '2.8.1', '2.7.0' ],
71 silly audit   'type-check': [ '0.4.0' ],
71 silly audit   'typed-array-buffer': [ '1.0.3' ],
71 silly audit   'typed-array-byte-length': [ '1.0.3' ],
71 silly audit   'typed-array-byte-offset': [ '1.0.4' ],
71 silly audit   'typed-array-length': [ '1.0.7' ],
71 silly audit   typescript: [ '6.0.3' ],
71 silly audit   'typescript-eslint': [ '8.59.3' ],
71 silly audit   'unbox-primitive': [ '1.1.0' ],
71 silly audit   'unrs-resolver': [ '1.11.1' ],
71 silly audit   'update-browserslist-db': [ '1.2.3' ],
71 silly audit   'uri-js': [ '4.4.1' ],
71 silly audit   which: [ '2.0.2' ],
71 silly audit   'which-boxed-primitive': [ '1.1.1' ],
71 silly audit   'which-builtin-type': [ '1.2.1' ],
71 silly audit   'which-collection': [ '1.0.2' ],
71 silly audit   'which-typed-array': [ '1.1.20' ],
71 silly audit   'word-wrap': [ '1.2.5' ],
71 silly audit   yallist: [ '3.1.1' ],
71 silly audit   'yocto-queue': [ '0.1.0' ],
71 silly audit   zod: [ '4.4.3' ],
71 silly audit   'zod-validation-error': [ '4.0.2' ],
71 silly audit   ethers: [ '6.16.0' ],
71 silly audit   '@adraffy/ens-normalize': [ '1.10.1' ],
71 silly audit   '@noble/curves': [ '1.2.0' ],
71 silly audit   '@noble/hashes': [ '1.3.2' ],
71 silly audit   '@types/node': [ '22.7.5' ],
71 silly audit   'aes-js': [ '4.0.0-beta.5' ],
71 silly audit   ws: [ '8.17.1' ],
71 silly audit   'undici-types': [ '6.19.8' ],
71 silly audit   '@tailwindcss/oxide-wasm32-wasi': [ '4.3.0' ]
71 silly audit }
72 verbose reify failed optional dependency /home/hb_1961/latamscore/frontend/node_modules/lightningcss-win32-x64-msvc
73 silly reify mark deleted [
73 silly reify   '/home/hb_1961/latamscore/frontend/node_modules/lightningcss-win32-x64-msvc'
73 silly reify ]
74 verbose reify failed optional dependency /home/hb_1961/latamscore/frontend/node_modules/lightningcss-win32-arm64-msvc
75 silly reify mark deleted [
75 silly reify   '/home/hb_1961/latamscore/frontend/node_modules/lightningcss-win32-arm64-msvc'
75 silly reify ]
76 verbose reify failed optional dependency /home/hb_1961/latamscore/frontend/node_modules/lightningcss-linux-arm64-musl
77 silly reify mark deleted [
77 silly reify   '/home/hb_1961/latamscore/frontend/node_modules/lightningcss-linux-arm64-musl'
77 silly reify ]
78 verbose reify failed optional dependency /home/hb_1961/latamscore/frontend/node_modules/lightningcss-linux-arm64-gnu
79 silly reify mark deleted [
79 silly reify   '/home/hb_1961/latamscore/frontend/node_modules/lightningcss-linux-arm64-gnu'
79 silly reify ]
80 verbose reify failed optional dependency /home/hb_1961/latamscore/frontend/node_modules/lightningcss-linux-arm-gnueabihf
81 silly reify mark deleted [
81 silly reify   '/home/hb_1961/latamscore/frontend/node_modules/lightningcss-linux-arm-gnueabihf'
81 silly reify ]
82 verbose reify failed optional dependency /home/hb_1961/latamscore/frontend/node_modules/lightningcss-freebsd-x64
83 silly reify mark deleted [
83 silly reify   '/home/hb_1961/latamscore/frontend/node_modules/lightningcss-freebsd-x64'
83 silly reify ]
84 verbose reify failed optional dependency /home/hb_1961/latamscore/frontend/node_modules/lightningcss-darwin-x64
85 silly reify mark deleted [
85 silly reify   '/home/hb_1961/latamscore/frontend/node_modules/lightningcss-darwin-x64'
85 silly reify ]
86 verbose reify failed optional dependency /home/hb_1961/latamscore/frontend/node_modules/lightningcss-darwin-arm64
87 silly reify mark deleted [
87 silly reify   '/home/hb_1961/latamscore/frontend/node_modules/lightningcss-darwin-arm64'
87 silly reify ]
88 verbose reify failed optional dependency /home/hb_1961/latamscore/frontend/node_modules/lightningcss-android-arm64
89 silly reify mark deleted [
89 silly reify   '/home/hb_1961/latamscore/frontend/node_modules/lightningcss-android-arm64'
89 silly reify ]
90 verbose reify failed optional dependency /home/hb_1961/latamscore/frontend/node_modules/@unrs/resolver-binding-win32-x64-msvc
91 silly reify mark deleted [
91 silly reify   '/home/hb_1961/latamscore/frontend/node_modules/@unrs/resolver-binding-win32-x64-msvc'
91 silly reify ]
92 verbose reify failed optional dependency /home/hb_1961/latamscore/frontend/node_modules/@unrs/resolver-binding-win32-ia32-msvc
93 silly reify mark deleted [
93 silly reify   '/home/hb_1961/latamscore/frontend/node_modules/@unrs/resolver-binding-win32-ia32-msvc'
93 silly reify ]
94 verbose reify failed optional dependency /home/hb_1961/latamscore/frontend/node_modules/@unrs/resolver-binding-win32-arm64-msvc
95 silly reify mark deleted [
95 silly reify   '/home/hb_1961/latamscore/frontend/node_modules/@unrs/resolver-binding-win32-arm64-msvc'
95 silly reify ]
96 verbose reify failed optional dependency /home/hb_1961/latamscore/frontend/node_modules/@unrs/resolver-binding-wasm32-wasi
97 silly reify mark deleted [
97 silly reify   '/home/hb_1961/latamscore/frontend/node_modules/@unrs/resolver-binding-wasm32-wasi'
97 silly reify ]
98 verbose reify failed optional dependency /home/hb_1961/latamscore/frontend/node_modules/@unrs/resolver-binding-linux-s390x-gnu
99 silly reify mark deleted [
99 silly reify   '/home/hb_1961/latamscore/frontend/node_modules/@unrs/resolver-binding-linux-s390x-gnu'
99 silly reify ]
100 verbose reify failed optional dependency /home/hb_1961/latamscore/frontend/node_modules/@unrs/resolver-binding-linux-riscv64-musl
101 silly reify mark deleted [
101 silly reify   '/home/hb_1961/latamscore/frontend/node_modules/@unrs/resolver-binding-linux-riscv64-musl'
101 silly reify ]
102 verbose reify failed optional dependency /home/hb_1961/latamscore/frontend/node_modules/@unrs/resolver-binding-linux-riscv64-gnu
103 silly reify mark deleted [
103 silly reify   '/home/hb_1961/latamscore/frontend/node_modules/@unrs/resolver-binding-linux-riscv64-gnu'
103 silly reify ]
104 verbose reify failed optional dependency /home/hb_1961/latamscore/frontend/node_modules/@unrs/resolver-binding-linux-ppc64-gnu
105 silly reify mark deleted [
105 silly reify   '/home/hb_1961/latamscore/frontend/node_modules/@unrs/resolver-binding-linux-ppc64-gnu'
105 silly reify ]
106 verbose reify failed optional dependency /home/hb_1961/latamscore/frontend/node_modules/@unrs/resolver-binding-linux-arm64-musl
107 silly reify mark deleted [
107 silly reify   '/home/hb_1961/latamscore/frontend/node_modules/@unrs/resolver-binding-linux-arm64-musl'
107 silly reify ]
108 verbose reify failed optional dependency /home/hb_1961/latamscore/frontend/node_modules/@unrs/resolver-binding-linux-arm64-gnu
109 silly reify mark deleted [
109 silly reify   '/home/hb_1961/latamscore/frontend/node_modules/@unrs/resolver-binding-linux-arm64-gnu'
109 silly reify ]
110 verbose reify failed optional dependency /home/hb_1961/latamscore/frontend/node_modules/@unrs/resolver-binding-linux-arm-musleabihf
111 silly reify mark deleted [
111 silly reify   '/home/hb_1961/latamscore/frontend/node_modules/@unrs/resolver-binding-linux-arm-musleabihf'
111 silly reify ]
112 verbose reify failed optional dependency /home/hb_1961/latamscore/frontend/node_modules/@unrs/resolver-binding-linux-arm-gnueabihf
113 silly reify mark deleted [
113 silly reify   '/home/hb_1961/latamscore/frontend/node_modules/@unrs/resolver-binding-linux-arm-gnueabihf'
113 silly reify ]
114 verbose reify failed optional dependency /home/hb_1961/latamscore/frontend/node_modules/@unrs/resolver-binding-freebsd-x64
115 silly reify mark deleted [
115 silly reify   '/home/hb_1961/latamscore/frontend/node_modules/@unrs/resolver-binding-freebsd-x64'
115 silly reify ]
116 verbose reify failed optional dependency /home/hb_1961/latamscore/frontend/node_modules/@unrs/resolver-binding-darwin-x64
117 silly reify mark deleted [
117 silly reify   '/home/hb_1961/latamscore/frontend/node_modules/@unrs/resolver-binding-darwin-x64'
117 silly reify ]
118 verbose reify failed optional dependency /home/hb_1961/latamscore/frontend/node_modules/@unrs/resolver-binding-darwin-arm64
119 silly reify mark deleted [
119 silly reify   '/home/hb_1961/latamscore/frontend/node_modules/@unrs/resolver-binding-darwin-arm64'
119 silly reify ]
120 verbose reify failed optional dependency /home/hb_1961/latamscore/frontend/node_modules/@unrs/resolver-binding-android-arm64
121 silly reify mark deleted [
121 silly reify   '/home/hb_1961/latamscore/frontend/node_modules/@unrs/resolver-binding-android-arm64'
121 silly reify ]
122 verbose reify failed optional dependency /home/hb_1961/latamscore/frontend/node_modules/@unrs/resolver-binding-android-arm-eabi
123 silly reify mark deleted [
123 silly reify   '/home/hb_1961/latamscore/frontend/node_modules/@unrs/resolver-binding-android-arm-eabi'
123 silly reify ]
124 verbose reify failed optional dependency /home/hb_1961/latamscore/frontend/node_modules/@tailwindcss/oxide-win32-x64-msvc
125 silly reify mark deleted [
125 silly reify   '/home/hb_1961/latamscore/frontend/node_modules/@tailwindcss/oxide-win32-x64-msvc'
125 silly reify ]
126 verbose reify failed optional dependency /home/hb_1961/latamscore/frontend/node_modules/@tailwindcss/oxide-win32-arm64-msvc
127 silly reify mark deleted [
127 silly reify   '/home/hb_1961/latamscore/frontend/node_modules/@tailwindcss/oxide-win32-arm64-msvc'
127 silly reify ]
128 verbose reify failed optional dependency /home/hb_1961/latamscore/frontend/node_modules/@tailwindcss/oxide-linux-arm64-musl
129 silly reify mark deleted [
129 silly reify   '/home/hb_1961/latamscore/frontend/node_modules/@tailwindcss/oxide-linux-arm64-musl'
129 silly reify ]
130 verbose reify failed optional dependency /home/hb_1961/latamscore/frontend/node_modules/@tailwindcss/oxide-linux-arm64-gnu
131 silly reify mark deleted [
131 silly reify   '/home/hb_1961/latamscore/frontend/node_modules/@tailwindcss/oxide-linux-arm64-gnu'
131 silly reify ]
132 verbose reify failed optional dependency /home/hb_1961/latamscore/frontend/node_modules/@tailwindcss/oxide-linux-arm-gnueabihf
133 silly reify mark deleted [
133 silly reify   '/home/hb_1961/latamscore/frontend/node_modules/@tailwindcss/oxide-linux-arm-gnueabihf'
133 silly reify ]
134 verbose reify failed optional dependency /home/hb_1961/latamscore/frontend/node_modules/@tailwindcss/oxide-freebsd-x64
135 silly reify mark deleted [
135 silly reify   '/home/hb_1961/latamscore/frontend/node_modules/@tailwindcss/oxide-freebsd-x64'
135 silly reify ]
136 verbose reify failed optional dependency /home/hb_1961/latamscore/frontend/node_modules/@tailwindcss/oxide-darwin-x64
137 silly reify mark deleted [
137 silly reify   '/home/hb_1961/latamscore/frontend/node_modules/@tailwindcss/oxide-darwin-x64'
137 silly reify ]
138 verbose reify failed optional dependency /home/hb_1961/latamscore/frontend/node_modules/@tailwindcss/oxide-darwin-arm64
139 silly reify mark deleted [
139 silly reify   '/home/hb_1961/latamscore/frontend/node_modules/@tailwindcss/oxide-darwin-arm64'
139 silly reify ]
140 verbose reify failed optional dependency /home/hb_1961/latamscore/frontend/node_modules/@tailwindcss/oxide-android-arm64
141 silly reify mark deleted [
141 silly reify   '/home/hb_1961/latamscore/frontend/node_modules/@tailwindcss/oxide-android-arm64'
141 silly reify ]
142 verbose reify failed optional dependency /home/hb_1961/latamscore/frontend/node_modules/@next/swc-win32-x64-msvc
143 silly reify mark deleted [
143 silly reify   '/home/hb_1961/latamscore/frontend/node_modules/@next/swc-win32-x64-msvc'
143 silly reify ]
144 verbose reify failed optional dependency /home/hb_1961/latamscore/frontend/node_modules/@next/swc-win32-arm64-msvc
145 silly reify mark deleted [
145 silly reify   '/home/hb_1961/latamscore/frontend/node_modules/@next/swc-win32-arm64-msvc'
145 silly reify ]
146 verbose reify failed optional dependency /home/hb_1961/latamscore/frontend/node_modules/@next/swc-linux-arm64-musl
147 silly reify mark deleted [
147 silly reify   '/home/hb_1961/latamscore/frontend/node_modules/@next/swc-linux-arm64-musl'
147 silly reify ]
148 verbose reify failed optional dependency /home/hb_1961/latamscore/frontend/node_modules/@next/swc-linux-arm64-gnu
149 silly reify mark deleted [
149 silly reify   '/home/hb_1961/latamscore/frontend/node_modules/@next/swc-linux-arm64-gnu'
149 silly reify ]
150 verbose reify failed optional dependency /home/hb_1961/latamscore/frontend/node_modules/@next/swc-darwin-x64
151 silly reify mark deleted [
151 silly reify   '/home/hb_1961/latamscore/frontend/node_modules/@next/swc-darwin-x64'
151 silly reify ]
152 verbose reify failed optional dependency /home/hb_1961/latamscore/frontend/node_modules/@next/swc-darwin-arm64
153 silly reify mark deleted [
153 silly reify   '/home/hb_1961/latamscore/frontend/node_modules/@next/swc-darwin-arm64'
153 silly reify ]
154 verbose reify failed optional dependency /home/hb_1961/latamscore/frontend/node_modules/@img/sharp-win32-x64
155 silly reify mark deleted [
155 silly reify   '/home/hb_1961/latamscore/frontend/node_modules/@img/sharp-win32-x64'
155 silly reify ]
156 verbose reify failed optional dependency /home/hb_1961/latamscore/frontend/node_modules/@img/sharp-win32-ia32
157 silly reify mark deleted [
157 silly reify   '/home/hb_1961/latamscore/frontend/node_modules/@img/sharp-win32-ia32'
157 silly reify ]
158 verbose reify failed optional dependency /home/hb_1961/latamscore/frontend/node_modules/@img/sharp-win32-arm64
159 silly reify mark deleted [
159 silly reify   '/home/hb_1961/latamscore/frontend/node_modules/@img/sharp-win32-arm64'
159 silly reify ]
160 verbose reify failed optional dependency /home/hb_1961/latamscore/frontend/node_modules/@img/sharp-wasm32
161 silly reify mark deleted [ '/home/hb_1961/latamscore/frontend/node_modules/@img/sharp-wasm32' ]
162 verbose reify failed optional dependency /home/hb_1961/latamscore/frontend/node_modules/@img/sharp-linuxmusl-arm64
163 silly reify mark deleted [
163 silly reify   '/home/hb_1961/latamscore/frontend/node_modules/@img/sharp-linuxmusl-arm64'
163 silly reify ]
164 verbose reify failed optional dependency /home/hb_1961/latamscore/frontend/node_modules/@img/sharp-linux-s390x
165 silly reify mark deleted [
165 silly reify   '/home/hb_1961/latamscore/frontend/node_modules/@img/sharp-linux-s390x'
165 silly reify ]
166 verbose reify failed optional dependency /home/hb_1961/latamscore/frontend/node_modules/@img/sharp-linux-riscv64
167 silly reify mark deleted [
167 silly reify   '/home/hb_1961/latamscore/frontend/node_modules/@img/sharp-linux-riscv64'
167 silly reify ]
168 verbose reify failed optional dependency /home/hb_1961/latamscore/frontend/node_modules/@img/sharp-linux-ppc64
169 silly reify mark deleted [
169 silly reify   '/home/hb_1961/latamscore/frontend/node_modules/@img/sharp-linux-ppc64'
169 silly reify ]
170 verbose reify failed optional dependency /home/hb_1961/latamscore/frontend/node_modules/@img/sharp-linux-arm64
171 silly reify mark deleted [
171 silly reify   '/home/hb_1961/latamscore/frontend/node_modules/@img/sharp-linux-arm64'
171 silly reify ]
172 verbose reify failed optional dependency /home/hb_1961/latamscore/frontend/node_modules/@img/sharp-linux-arm
173 silly reify mark deleted [
173 silly reify   '/home/hb_1961/latamscore/frontend/node_modules/@img/sharp-linux-arm'
173 silly reify ]
174 verbose reify failed optional dependency /home/hb_1961/latamscore/frontend/node_modules/@img/sharp-libvips-linuxmusl-arm64
175 silly reify mark deleted [
175 silly reify   '/home/hb_1961/latamscore/frontend/node_modules/@img/sharp-libvips-linuxmusl-arm64'
175 silly reify ]
176 verbose reify failed optional dependency /home/hb_1961/latamscore/frontend/node_modules/@img/sharp-libvips-linux-s390x
177 silly reify mark deleted [
177 silly reify   '/home/hb_1961/latamscore/frontend/node_modules/@img/sharp-libvips-linux-s390x'
177 silly reify ]
178 verbose reify failed optional dependency /home/hb_1961/latamscore/frontend/node_modules/@img/sharp-libvips-linux-riscv64
179 silly reify mark deleted [
179 silly reify   '/home/hb_1961/latamscore/frontend/node_modules/@img/sharp-libvips-linux-riscv64'
179 silly reify ]
180 verbose reify failed optional dependency /home/hb_1961/latamscore/frontend/node_modules/@img/sharp-libvips-linux-ppc64
181 silly reify mark deleted [
181 silly reify   '/home/hb_1961/latamscore/frontend/node_modules/@img/sharp-libvips-linux-ppc64'
181 silly reify ]
182 verbose reify failed optional dependency /home/hb_1961/latamscore/frontend/node_modules/@img/sharp-libvips-linux-arm64
183 silly reify mark deleted [
183 silly reify   '/home/hb_1961/latamscore/frontend/node_modules/@img/sharp-libvips-linux-arm64'
183 silly reify ]
184 verbose reify failed optional dependency /home/hb_1961/latamscore/frontend/node_modules/@img/sharp-libvips-linux-arm
185 silly reify mark deleted [
185 silly reify   '/home/hb_1961/latamscore/frontend/node_modules/@img/sharp-libvips-linux-arm'
185 silly reify ]
186 verbose reify failed optional dependency /home/hb_1961/latamscore/frontend/node_modules/@img/sharp-libvips-darwin-x64
187 silly reify mark deleted [
187 silly reify   '/home/hb_1961/latamscore/frontend/node_modules/@img/sharp-libvips-darwin-x64'
187 silly reify ]
188 verbose reify failed optional dependency /home/hb_1961/latamscore/frontend/node_modules/@img/sharp-libvips-darwin-arm64
189 silly reify mark deleted [
189 silly reify   '/home/hb_1961/latamscore/frontend/node_modules/@img/sharp-libvips-darwin-arm64'
189 silly reify ]
190 verbose reify failed optional dependency /home/hb_1961/latamscore/frontend/node_modules/@img/sharp-darwin-x64
191 silly reify mark deleted [
191 silly reify   '/home/hb_1961/latamscore/frontend/node_modules/@img/sharp-darwin-x64'
191 silly reify ]
192 verbose reify failed optional dependency /home/hb_1961/latamscore/frontend/node_modules/@img/sharp-darwin-arm64
193 silly reify mark deleted [
193 silly reify   '/home/hb_1961/latamscore/frontend/node_modules/@img/sharp-darwin-arm64'
193 silly reify ]
194 http cache undici-types@https://registry.npmjs.org/undici-types/-/undici-types-6.19.8.tgz 0ms (cache hit)
195 http cache @types/node@https://registry.npmjs.org/@types/node/-/node-22.7.5.tgz 0ms (cache hit)
196 http cache @noble/hashes@https://registry.npmjs.org/@noble/hashes/-/hashes-1.3.2.tgz 0ms (cache hit)
197 http cache @noble/curves@https://registry.npmjs.org/@noble/curves/-/curves-1.2.0.tgz 0ms (cache hit)
198 http cache @adraffy/ens-normalize@https://registry.npmjs.org/@adraffy/ens-normalize/-/ens-normalize-1.10.1.tgz 0ms (cache hit)
199 http cache ethers@https://registry.npmjs.org/ethers/-/ethers-6.16.0.tgz 0ms (cache hit)
200 http cache lightningcss-linux-x64-musl@https://registry.npmjs.org/lightningcss-linux-x64-musl/-/lightningcss-linux-x64-musl-1.32.0.tgz 0ms (cache hit)
201 http cache @unrs/resolver-binding-linux-x64-musl@https://registry.npmjs.org/@unrs/resolver-binding-linux-x64-musl/-/resolver-binding-linux-x64-musl-1.11.1.tgz 0ms (cache hit)
202 http cache @tailwindcss/oxide-linux-x64-musl@https://registry.npmjs.org/@tailwindcss/oxide-linux-x64-musl/-/oxide-linux-x64-musl-4.3.0.tgz 0ms (cache hit)
203 http cache @next/swc-linux-x64-musl@https://registry.npmjs.org/@next/swc-linux-x64-musl/-/swc-linux-x64-musl-16.2.6.tgz 0ms (cache hit)
204 http cache @img/sharp-linuxmusl-x64@https://registry.npmjs.org/@img/sharp-linuxmusl-x64/-/sharp-linuxmusl-x64-0.34.5.tgz 0ms (cache hit)
205 http cache @img/sharp-libvips-linuxmusl-x64@https://registry.npmjs.org/@img/sharp-libvips-linuxmusl-x64/-/sharp-libvips-linuxmusl-x64-1.2.4.tgz 0ms (cache hit)
206 http cache aes-js@https://registry.npmjs.org/aes-js/-/aes-js-4.0.0-beta.5.tgz 0ms (cache hit)
207 http cache ws@https://registry.npmjs.org/ws/-/ws-8.17.1.tgz 0ms (cache hit)
208 silly tarball no local data for lightningcss-linux-x64-musl@https://registry.npmjs.org/lightningcss-linux-x64-musl/-/lightningcss-linux-x64-musl-1.32.0.tgz. Extracting by manifest.
209 silly tarball no local data for @unrs/resolver-binding-linux-x64-musl@https://registry.npmjs.org/@unrs/resolver-binding-linux-x64-musl/-/resolver-binding-linux-x64-musl-1.11.1.tgz. Extracting by manifest.
210 http cache tslib@https://registry.npmjs.org/tslib/-/tslib-2.7.0.tgz 0ms (cache hit)
211 silly tarball no local data for @tailwindcss/oxide-linux-x64-musl@https://registry.npmjs.org/@tailwindcss/oxide-linux-x64-musl/-/oxide-linux-x64-musl-4.3.0.tgz. Extracting by manifest.
212 silly tarball no local data for @next/swc-linux-x64-musl@https://registry.npmjs.org/@next/swc-linux-x64-musl/-/swc-linux-x64-musl-16.2.6.tgz. Extracting by manifest.
213 silly tarball no local data for @img/sharp-linuxmusl-x64@https://registry.npmjs.org/@img/sharp-linuxmusl-x64/-/sharp-linuxmusl-x64-0.34.5.tgz. Extracting by manifest.
214 silly tarball no local data for @img/sharp-libvips-linuxmusl-x64@https://registry.npmjs.org/@img/sharp-libvips-linuxmusl-x64/-/sharp-libvips-linuxmusl-x64-1.2.4.tgz. Extracting by manifest.
215 http fetch GET 200 https://registry.npmjs.org/@img/sharp-linuxmusl-x64/-/sharp-linuxmusl-x64-0.34.5.tgz 344ms (cache miss)
216 http fetch POST 200 https://registry.npmjs.org/-/npm/v1/security/advisories/bulk 436ms
217 silly audit report {
217 silly audit report   postcss: [
217 silly audit report     {
217 silly audit report       id: 1117015,
217 silly audit report       url: 'https://github.com/advisories/GHSA-qx2v-qp2m-jg93',
217 silly audit report       title: 'PostCSS has XSS via Unescaped </style> in its CSS Stringify Output',
217 silly audit report       severity: 'moderate',
217 silly audit report       vulnerable_versions: '<8.5.10',
217 silly audit report       cwe: [Array],
217 silly audit report       cvss: [Object]
217 silly audit report     }
217 silly audit report   ]
217 silly audit report }
218 silly packumentCache corgi:https://registry.npmjs.org/postcss cache-miss
219 http cache https://registry.npmjs.org/postcss 9ms (cache hit)
220 silly packumentCache corgi:https://registry.npmjs.org/postcss set size:343873 disposed:false
221 silly packumentCache corgi:https://registry.npmjs.org/next cache-miss
222 http cache https://registry.npmjs.org/next 92ms (cache hit)
223 silly packumentCache corgi:https://registry.npmjs.org/next set size:24969750 disposed:false
224 http fetch GET 200 https://registry.npmjs.org/@unrs/resolver-binding-linux-x64-musl/-/resolver-binding-linux-x64-musl-1.11.1.tgz 997ms (cache miss)
225 http fetch GET 200 https://registry.npmjs.org/@tailwindcss/oxide-linux-x64-musl/-/oxide-linux-x64-musl-4.3.0.tgz 7793ms (cache miss)
226 http fetch GET 200 https://registry.npmjs.org/lightningcss-linux-x64-musl/-/lightningcss-linux-x64-musl-1.32.0.tgz 12703ms (cache miss)
227 http fetch GET 200 https://registry.npmjs.org/@img/sharp-libvips-linuxmusl-x64/-/sharp-libvips-linuxmusl-x64-1.2.4.tgz 25700ms (cache miss)
228 http fetch GET 200 https://registry.npmjs.org/@next/swc-linux-x64-musl/-/swc-linux-x64-musl-16.2.6.tgz 38993ms (cache miss)
229 silly ADD node_modules/undici-types
230 silly ADD node_modules/ws
231 silly ADD node_modules/aes-js
232 silly ADD node_modules/@types/node
233 silly ADD node_modules/@noble/hashes
234 silly ADD node_modules/@noble/curves
235 silly ADD node_modules/@adraffy/ens-normalize
236 silly ADD node_modules/ethers
237 silly ADD node_modules/ethers/node_modules/tslib
238 silly ADD
239 silly ADD
240 silly ADD node_modules/lightningcss-linux-x64-musl
241 silly ADD
242 silly ADD
243 silly ADD
244 silly ADD
245 silly ADD
246 silly ADD
247 silly ADD
248 silly ADD
249 silly ADD
250 silly ADD
251 silly ADD
252 silly ADD node_modules/@unrs/resolver-binding-linux-x64-musl
253 silly ADD
254 silly ADD
255 silly ADD
256 silly ADD
257 silly ADD
258 silly ADD
259 silly ADD
260 silly ADD
261 silly ADD
262 silly ADD
263 silly ADD
264 silly ADD
265 silly ADD
266 silly ADD
267 silly ADD
268 silly ADD
269 silly ADD node_modules/@tailwindcss/oxide-linux-x64-musl
270 silly ADD
271 silly ADD
272 silly ADD
273 silly ADD
274 silly ADD
275 silly ADD
276 silly ADD
277 silly ADD
278 silly ADD
279 silly ADD node_modules/@next/swc-linux-x64-musl
280 silly ADD
281 silly ADD
282 silly ADD
283 silly ADD
284 silly ADD
285 silly ADD
286 silly ADD
287 silly ADD
288 silly ADD node_modules/@img/sharp-linuxmusl-x64
289 silly ADD
290 silly ADD
291 silly ADD
292 silly ADD
293 silly ADD
294 silly ADD
295 silly ADD node_modules/@img/sharp-libvips-linuxmusl-x64
296 silly ADD
297 silly ADD
298 silly ADD
299 silly ADD
300 silly ADD
301 silly ADD
302 silly ADD
303 silly ADD
304 silly ADD
305 silly ADD
306 verbose cwd /home/hb_1961/latamscore/frontend
307 verbose os Linux 6.6.114.1-microsoft-standard-WSL2
308 verbose node v22.22.2
309 verbose npm  v10.9.7
310 verbose exit 0
311 info ok
